2015-08-24 22:01:45> Program: Starting Squirrel Updater: --createShortcut atom.exe
2015-08-24 22:01:45> ApplyReleasesImpl: About to create shortcuts for atom.exe, rootAppDir C:\Users\IEUser\AppData\Local\atom
2015-08-24 22:01:46> ApplyReleasesImpl: Creating shortcut for atom.exe => C:\Users\IEUser\AppData\Roaming\Microsoft\Windows\Start Menu\Programs\GitHub, Inc.\Atom.lnk
2015-08-24 22:01:48> ApplyReleasesImpl: About to save shortcut: C:\Users\IEUser\AppData\Roaming\Microsoft\Windows\Start Menu\Programs\GitHub, Inc.\Atom.lnk (target C:\Users\IEUser\AppData\Local\atom\Update.exe, workingDir C:\Users\IEUser\AppData\Local\atom\app-1.0.7, args --processStart atom.exe)
2015-08-24 22:01:48> ApplyReleasesImpl: Creating shortcut for atom.exe => C:\Users\IEUser\Desktop\Atom.lnk
2015-08-24 22:01:48> ApplyReleasesImpl: About to save shortcut: C:\Users\IEUser\Desktop\Atom.lnk (target C:\Users\IEUser\AppData\Local\atom\Update.exe, workingDir C:\Users\IEUser\AppData\Local\atom\app-1.0.7, args --processStart atom.exe)
2015-08-24 22:01:48> ApplyReleasesImpl: Processing shortcut 'C:\Program Files\Internet Explorer\iexplore.exe'
2015-08-24 22:01:48> ApplyReleasesImpl: Does not match 'C:\Users\IEUser\AppData\Local\atom\app-1.0.7', continuing to next directory
2015-08-24 22:01:48> ApplyReleasesImpl: Processing shortcut 'C:\Windows\explorer.exe'
2015-08-24 22:01:48> ApplyReleasesImpl: Does not match 'C:\Users\IEUser\AppData\Local\atom\app-1.0.7', continuing to next directory
2015-08-24 22:01:48> ApplyReleasesImpl: Processing shortcut 'C:\Program Files\Windows Media Player\wmplayer.exe'
2015-08-24 22:01:48> ApplyReleasesImpl: Does not match 'C:\Users\IEUser\AppData\Local\atom\app-1.0.7', continuing to next directory
2015-08-24 22:02:00> Program: Starting Squirrel Updater: --download https://atom.io/api/updates
2015-08-24 22:02:01> Program: Fetching update information, downloading from https://atom.io/api/updates
2015-08-24 22:02:02> SingleGlobalInstance: Failed to grab lockfile, will retry: C:\Users\IEUser\AppData\Local\Temp\.squirrel-lock-BE969F3D05C2D03A6941CD64B8F4F7C907D9C9BA: System.IO.IOException: The process cannot access the file 'C:\Users\IEUser\AppData\Local\Temp\.squirrel-lock-BE969F3D05C2D03A6941CD64B8F4F7C907D9C9BA' because it is being used by another process.
   at System.IO.__Error.WinIOError(Int32 errorCode, String maybeFullPath)
   at System.IO.FileStream.Init(String path, FileMode mode, FileAccess access, Int32 rights, Boolean useRights, FileShare share, Int32 bufferSize, FileOptions options, SECURITY_ATTRIBUTES secAttrs, String msgPath, Boolean bFromProxy, Boolean useLongPath, Boolean checkHost)
   at System.IO.FileStream..ctor(String path, FileMode mode, FileAccess access, FileShare share)
   at Squirrel.SingleGlobalInstance..ctor(String key, TimeSpan timeOut)
2015-08-24 22:02:03> SingleGlobalInstance: Failed to grab lockfile, will retry: C:\Users\IEUser\AppData\Local\Temp\.squirrel-lock-BE969F3D05C2D03A6941CD64B8F4F7C907D9C9BA: System.IO.IOException: The process cannot access the file 'C:\Users\IEUser\AppData\Local\Temp\.squirrel-lock-BE969F3D05C2D03A6941CD64B8F4F7C907D9C9BA' because it is being used by another process.
   at System.IO.__Error.WinIOError(Int32 errorCode, String maybeFullPath)
   at System.IO.FileStream.Init(String path, FileMode mode, FileAccess access, Int32 rights, Boolean useRights, FileShare share, Int32 bufferSize, FileOptions options, SECURITY_ATTRIBUTES secAttrs, String msgPath, Boolean bFromProxy, Boolean useLongPath, Boolean checkHost)
   at System.IO.FileStream..ctor(String path, FileMode mode, FileAccess access, FileShare share)
   at Squirrel.SingleGlobalInstance..ctor(String key, TimeSpan timeOut)
2015-08-24 22:02:03> SingleGlobalInstance: Failed to grab lockfile, will retry: C:\Users\IEUser\AppData\Local\Temp\.squirrel-lock-BE969F3D05C2D03A6941CD64B8F4F7C907D9C9BA: System.IO.IOException: The process cannot access the file 'C:\Users\IEUser\AppData\Local\Temp\.squirrel-lock-BE969F3D05C2D03A6941CD64B8F4F7C907D9C9BA' because it is being used by another process.
   at System.IO.__Error.WinIOError(Int32 errorCode, String maybeFullPath)
   at System.IO.FileStream.Init(String path, FileMode mode, FileAccess access, Int32 rights, Boolean useRights, FileShare share, Int32 bufferSize, FileOptions options, SECURITY_ATTRIBUTES secAttrs, String msgPath, Boolean bFromProxy, Boolean useLongPath, Boolean checkHost)
   at System.IO.FileStream..ctor(String path, FileMode mode, FileAccess access, FileShare share)
   at Squirrel.SingleGlobalInstance..ctor(String key, TimeSpan timeOut)
2015-08-24 22:02:03> SingleGlobalInstance: Failed to grab lockfile, will retry: C:\Users\IEUser\AppData\Local\Temp\.squirrel-lock-BE969F3D05C2D03A6941CD64B8F4F7C907D9C9BA: System.IO.IOException: The process cannot access the file 'C:\Users\IEUser\AppData\Local\Temp\.squirrel-lock-BE969F3D05C2D03A6941CD64B8F4F7C907D9C9BA' because it is being used by another process.
   at System.IO.__Error.WinIOError(Int32 errorCode, String maybeFullPath)
   at System.IO.FileStream.Init(String path, FileMode mode, FileAccess access, Int32 rights, Boolean useRights, FileShare share, Int32 bufferSize, FileOptions options, SECURITY_ATTRIBUTES secAttrs, String msgPath, Boolean bFromProxy, Boolean useLongPath, Boolean checkHost)
   at System.IO.FileStream..ctor(String path, FileMode mode, FileAccess access, FileShare share)
   at Squirrel.SingleGlobalInstance..ctor(String key, TimeSpan timeOut)
2015-08-24 22:02:03> SingleGlobalInstance: Failed to grab lockfile, will retry: C:\Users\IEUser\AppData\Local\Temp\.squirrel-lock-BE969F3D05C2D03A6941CD64B8F4F7C907D9C9BA: System.IO.IOException: The process cannot access the file 'C:\Users\IEUser\AppData\Local\Temp\.squirrel-lock-BE969F3D05C2D03A6941CD64B8F4F7C907D9C9BA' because it is being used by another process.
   at System.IO.__Error.WinIOError(Int32 errorCode, String maybeFullPath)
   at System.IO.FileStream.Init(String path, FileMode mode, FileAccess access, Int32 rights, Boolean useRights, FileShare share, Int32 bufferSize, FileOptions options, SECURITY_ATTRIBUTES secAttrs, String msgPath, Boolean bFromProxy, Boolean useLongPath, Boolean checkHost)
   at System.IO.FileStream..ctor(String path, FileMode mode, FileAccess access, FileShare share)
   at Squirrel.SingleGlobalInstance..ctor(String key, TimeSpan timeOut)
2015-08-24 22:02:04> Unhandled exception: System.AggregateException: One or more errors occurred. ---> System.Exception: Couldn't acquire lock, is another instance running
   at Squirrel.SingleGlobalInstance..ctor(String key, TimeSpan timeOut)
   at Squirrel.UpdateManager.<acquireUpdateLock>b__1e()
   at System.Threading.Tasks.Task`1.InnerInvoke()
   at System.Threading.Tasks.Task.Execute()
--- End of stack trace from previous location where exception was thrown ---
   at System.Runtime.CompilerServices.TaskAwaiter.ThrowForNonSuccess(Task task)
   at System.Runtime.CompilerServices.TaskAwaiter.HandleNonSuccessAndDebuggerNotification(Task task)
   at Squirrel.UpdateManager.<CheckForUpdate>d__0.MoveNext()
--- End of stack trace from previous location where exception was thrown ---
   at System.Runtime.CompilerServices.TaskAwaiter.ThrowForNonSuccess(Task task)
   at System.Runtime.CompilerServices.TaskAwaiter.HandleNonSuccessAndDebuggerNotification(Task task)
   at Squirrel.Update.Program.<Download>d__56.MoveNext()
   --- End of inner exception stack trace ---
   at System.Threading.Tasks.Task.ThrowIfExceptional(Boolean includeTaskCanceledExceptions)
   at System.Threading.Tasks.Task`1.GetResultCore(Boolean waitCompletionNotification)
   at System.Threading.Tasks.Task`1.get_Result()
   at Squirrel.Update.Program.executeCommandLine(String[] args)
   at Squirrel.Update.Program.main(String[] args)
---> (Inner Exception #0) System.Exception: Couldn't acquire lock, is another instance running
   at Squirrel.SingleGlobalInstance..ctor(String key, TimeSpan timeOut)
   at Squirrel.UpdateManager.<acquireUpdateLock>b__1e()
   at System.Threading.Tasks.Task`1.InnerInvoke()
   at System.Threading.Tasks.Task.Execute()
--- End of stack trace from previous location where exception was thrown ---
   at System.Runtime.CompilerServices.TaskAwaiter.ThrowForNonSuccess(Task task)
   at System.Runtime.CompilerServices.TaskAwaiter.HandleNonSuccessAndDebuggerNotification(Task task)
   at Squirrel.UpdateManager.<CheckForUpdate>d__0.MoveNext()
--- End of stack trace from previous location where exception was thrown ---
   at System.Runtime.CompilerServices.TaskAwaiter.ThrowForNonSuccess(Task task)
   at System.Runtime.CompilerServices.TaskAwaiter.HandleNonSuccessAndDebuggerNotification(Task task)
   at Squirrel.Update.Program.<Download>d__56.MoveNext()<---

2015-08-25 10:57:21> Program: Starting Squirrel Updater: --processStart atom.exe
2015-08-25 10:57:22> Program: Want to launch 'C:\Users\IEUser\AppData\Local\atom\app-1.0.7\atom.exe'
2015-08-25 10:57:22> Program: About to launch: 'C:\Users\IEUser\AppData\Local\atom\app-1.0.7\atom.exe': 
2015-08-25 10:57:26> Program: Starting Squirrel Updater: --download https://atom.io/api/updates
2015-08-25 10:57:26> Program: Fetching update information, downloading from https://atom.io/api/updates
2015-08-25 10:57:26> CheckForUpdateImpl: Downloading RELEASES file from https://atom.io/api/updates
2015-08-25 10:57:26> FileDownloader: Downloading url: https://atom.io/api/updates/RELEASES
2015-08-25 13:52:33> Program: Starting Squirrel Updater: --processStart atom.exe
2015-08-25 13:52:33> Program: Want to launch 'C:\Users\IEUser\AppData\Local\atom\app-1.0.7\atom.exe'
2015-08-25 13:52:33> Program: About to launch: 'C:\Users\IEUser\AppData\Local\atom\app-1.0.7\atom.exe': 
2015-08-25 13:52:35> Program: Starting Squirrel Updater: --download https://atom.io/api/updates
2015-08-25 13:52:35> Program: Fetching update information, downloading from https://atom.io/api/updates
2015-08-25 13:52:36> CheckForUpdateImpl: Downloading RELEASES file from https://atom.io/api/updates
2015-08-25 13:52:36> FileDownloader: Downloading url: https://atom.io/api/updates/RELEASES
